<?xml version="1.0" encoding="UTF-8"?>
<!-- Generated by org.testng.reporters.JUnitReportReporter -->
<testsuite hostname="DESKTOP-PN5LUQS" failures="0" tests="1" name="TestCases.Loads_TC001" time="27.765" errors="0" timestamp="2020-09-24T10:49:55 IST" skipped="0">
  <testcase classname="TestCases.Loads_TC001" name="main" time="27.765"/>
  <system-out/>
</testsuite> <!-- TestCases.Loads_TC001 -->
