<?xml version="1.0" encoding="UTF-8"?>
<!-- Generated by org.testng.reporters.JUnitReportReporter -->
<testsuite hostname="administrator5" failures="0" tests="1" name="TestCases.User_TC002" time="151.185" errors="0" timestamp="2021-05-22T09:23:55 IST" skipped="0">
  <testcase classname="TestCases.User_TC002" name="main" time="151.185"/>
  <system-out/>
</testsuite> <!-- TestCases.User_TC002 -->
