<?xml version="1.0" encoding="UTF-8"?>
<!-- Generated by org.testng.reporters.JUnitReportReporter -->
<testsuite hostname="administrator5" failures="0" tests="1" name="TestCases.User_TC001" time="214.743" errors="0" timestamp="2021-05-22T09:16:54 IST" skipped="0">
  <testcase classname="TestCases.User_TC001" name="main" time="214.743"/>
  <system-out/>
</testsuite> <!-- TestCases.User_TC001 -->
