<?xml version="1.0" encoding="UTF-8"?>
<!-- Generated by org.testng.reporters.JUnitReportReporter -->
<testsuite hostname="DESKTOP-PN5LUQS" failures="0" tests="1" name="TestCases.User_TC001" time="33.121" errors="0" timestamp="2020-09-25T16:16:13 IST" skipped="0">
  <testcase classname="TestCases.User_TC001" name="main" time="33.121"/>
  <system-out/>
</testsuite> <!-- TestCases.User_TC001 -->
