<?xml version="1.0" encoding="UTF-8"?>
<!-- Generated by org.testng.reporters.JUnitReportReporter -->
<testsuite hostname="DESKTOP-PN5LUQS" failures="0" tests="1" name="TestCases.User_TC002" time="32.223" errors="0" timestamp="2020-09-24T14:33:26 IST" skipped="0">
  <testcase classname="TestCases.User_TC002" name="main" time="32.223"/>
  <system-out/>
</testsuite> <!-- TestCases.User_TC002 -->
