<?xml version="1.0" encoding="UTF-8"?>
<!-- Generated by org.testng.reporters.JUnitReportReporter -->
<testsuite hostname="DESKTOP-PN5LUQS" failures="0" tests="1" name="TestCases.DriverScript" time="64.864" errors="0" timestamp="2020-09-24T10:49:56 IST" skipped="0">
  <testcase classname="TestCases.DriverScript" name="main" time="64.864"/>
  <system-out/>
</testsuite> <!-- TestCases.DriverScript -->
