<?xml version="1.0" encoding="UTF-8"?>
<!-- Generated by org.testng.reporters.JUnitReportReporter -->
<testsuite hostname="administrator5" failures="0" tests="1" name="TestCases.DriverScript" time="557.163" errors="0" timestamp="2021-03-17T11:01:51 IST" skipped="0">
  <testcase classname="TestCases.DriverScript" name="main" time="557.163"/>
  <system-out/>
</testsuite> <!-- TestCases.DriverScript -->
