<?xml version="1.0" encoding="UTF-8"?>
<!-- Generated by org.testng.reporters.JUnitReportReporter -->
<testsuite hostname="DESKTOP-PN5LUQS" failures="0" tests="1" name="TestCases.DriverScript" time="69.220" errors="0" timestamp="2020-09-25T16:16:14 IST" skipped="0">
  <testcase classname="TestCases.DriverScript" name="main" time="69.220"/>
  <system-out/>
</testsuite> <!-- TestCases.DriverScript -->
