<?xml version="1.0" encoding="UTF-8"?>
<!-- Generated by org.testng.reporters.JUnitReportReporter -->
<testsuite hostname="DESKTOP-PN5LUQS" failures="0" tests="1" name="TestCases.User_TC001" time="137.233" errors="0" timestamp="2020-09-24T14:33:26 IST" skipped="0">
  <testcase classname="TestCases.User_TC001" name="main" time="137.233"/>
  <system-out/>
</testsuite> <!-- TestCases.User_TC001 -->
